2025-02-04T13:05:42.097+05:30  INFO 26368 --- [Product-with-Security] [main] c.l.p.ProductWithSecurityApplication     : Starting ProductWithSecurityApplication using Java 21.0.4 with PID 26368 (C:\Temp\LtiMWorksapce\LtiMProject\target\classes started by 10829552 in C:\Temp\LtiMWorksapce\LtiMProject)
2025-02-04T13:05:42.098+05:30 DEBUG 26368 --- [Product-with-Security] [main] c.l.p.ProductWithSecurityApplication     : Running with Spring Boot v3.4.1, Spring v6.2.1
2025-02-04T13:05:42.099+05:30  INFO 26368 --- [Product-with-Security] [main] c.l.p.ProductWithSecurityApplication     : No active profile set, falling back to 1 default profile: "default"
2025-02-04T13:05:42.923+05:30  INFO 26368 --- [Product-with-Security] [main] .s.d.r.c.RepositoryConfigurationDelegate : Bootstrapping Spring Data JPA repositories in DEFAULT mode.
2025-02-04T13:05:42.972+05:30  INFO 26368 --- [Product-with-Security] [main] .s.d.r.c.RepositoryConfigurationDelegate : Finished Spring Data repository scanning in 41 ms. Found 1 JPA repository interface.
2025-02-04T13:05:43.539+05:30  INFO 26368 --- [Product-with-Security] [main] o.s.b.w.embedded.tomcat.TomcatWebServer  : Tomcat initialized with port 8082 (http)
2025-02-04T13:05:43.551+05:30  INFO 26368 --- [Product-with-Security] [main] o.apache.catalina.core.StandardService   : Starting service [Tomcat]
2025-02-04T13:05:43.551+05:30  INFO 26368 --- [Product-with-Security] [main] o.apache.catalina.core.StandardEngine    : Starting Servlet engine: [Apache Tomcat/10.1.34]
2025-02-04T13:05:43.610+05:30  INFO 26368 --- [Product-with-Security] [main] o.a.c.c.C.[Tomcat].[localhost].[/]       : Initializing Spring embedded WebApplicationContext
2025-02-04T13:05:43.611+05:30  INFO 26368 --- [Product-with-Security] [main] w.s.c.ServletWebServerApplicationContext : Root WebApplicationContext: initialization completed in 1482 ms
2025-02-04T13:05:43.751+05:30 DEBUG 26368 --- [Product-with-Security] [main] com.ltim.product.util.JWTFilter          : Filter 'JWTFilter' configured for use
2025-02-04T13:05:43.831+05:30  INFO 26368 --- [Product-with-Security] [main] com.zaxxer.hikari.HikariDataSource       : HikariPool-1 - Starting...
2025-02-04T13:05:43.972+05:30  INFO 26368 --- [Product-with-Security] [main] com.zaxxer.hikari.pool.HikariPool        : HikariPool-1 - Added connection conn0: url=jdbc:h2:mem:testdb user=SA
2025-02-04T13:05:43.973+05:30  INFO 26368 --- [Product-with-Security] [main] com.zaxxer.hikari.HikariDataSource       : HikariPool-1 - Start completed.
2025-02-04T13:05:44.020+05:30  INFO 26368 --- [Product-with-Security] [main] o.hibernate.jpa.internal.util.LogHelper  : HHH000204: Processing PersistenceUnitInfo [name: default]
2025-02-04T13:05:44.065+05:30  INFO 26368 --- [Product-with-Security] [main] org.hibernate.Version                    : HHH000412: Hibernate ORM core version 6.6.4.Final
2025-02-04T13:05:44.090+05:30  INFO 26368 --- [Product-with-Security] [main] o.h.c.internal.RegionFactoryInitiator    : HHH000026: Second-level cache disabled
2025-02-04T13:05:44.312+05:30  INFO 26368 --- [Product-with-Security] [main] o.s.o.j.p.SpringPersistenceUnitInfo      : No LoadTimeWeaver setup: ignoring JPA class transformer
2025-02-04T13:05:44.349+05:30  WARN 26368 --- [Product-with-Security] [main] org.hibernate.orm.deprecation            : HHH90000025: H2Dialect does not need to be specified explicitly using 'hibernate.dialect' (remove the property setting and it will be selected by default)
2025-02-04T13:05:44.363+05:30  INFO 26368 --- [Product-with-Security] [main] org.hibernate.orm.connections.pooling    : HHH10001005: Database info:
	Database JDBC URL [Connecting through datasource 'HikariDataSource (HikariPool-1)']
	Database driver: undefined/unknown
	Database version: 2.3.232
	Autocommit mode: undefined/unknown
	Isolation level: undefined/unknown
	Minimum pool size: undefined/unknown
	Maximum pool size: undefined/unknown
2025-02-04T13:05:44.965+05:30  INFO 26368 --- [Product-with-Security] [main] o.h.e.t.j.p.i.JtaPlatformInitiator       : HHH000489: No JTA platform available (set 'hibernate.transaction.jta.platform' to enable JTA platform integration)
2025-02-04T13:05:44.992+05:30  INFO 26368 --- [Product-with-Security] [main] j.LocalContainerEntityManagerFactoryBean : Initialized JPA EntityManagerFactory for persistence unit 'default'
2025-02-04T13:05:45.313+05:30  WARN 26368 --- [Product-with-Security] [main] JpaBaseConfiguration$JpaWebConfiguration : spring.jpa.open-in-view is enabled by default. Therefore, database queries may be performed during view rendering. Explicitly configure spring.jpa.open-in-view to disable this warning
2025-02-04T13:05:45.348+05:30  INFO 26368 --- [Product-with-Security] [main] r$InitializeUserDetailsManagerConfigurer : Global AuthenticationManager configured with UserDetailsService bean with name customUserDetailsService
2025-02-04T13:05:45.730+05:30  INFO 26368 --- [Product-with-Security] [main] o.s.b.a.e.web.EndpointLinksResolver      : Exposing 15 endpoints beneath base path '/actuator'
2025-02-04T13:05:45.812+05:30  INFO 26368 --- [Product-with-Security] [main] o.s.v.b.OptionalValidatorFactoryBean     : Failed to set up a Bean Validation provider: jakarta.validation.NoProviderFoundException: Unable to create a Configuration, because no Jakarta Bean Validation provider could be found. Add a provider like Hibernate Validator (RI) to your classpath.
2025-02-04T13:05:46.160+05:30  INFO 26368 --- [Product-with-Security] [main] o.s.b.a.h2.H2ConsoleAutoConfiguration    : H2 console available at '/h2-console'. Database available at 'jdbc:h2:mem:testdb'
2025-02-04T13:05:46.267+05:30  INFO 26368 --- [Product-with-Security] [main] o.s.b.w.embedded.tomcat.TomcatWebServer  : Tomcat started on port 8082 (http) with context path '/'
2025-02-04T13:05:46.277+05:30  INFO 26368 --- [Product-with-Security] [main] c.l.p.ProductWithSecurityApplication     : Started ProductWithSecurityApplication in 4.487 seconds (process running for 5.087)
2025-02-04T13:05:46.501+05:30  INFO 26368 --- [Product-with-Security] [RMI TCP Connection(8)-127.0.0.1] o.a.c.c.C.[Tomcat].[localhost].[/]       : Initializing Spring DispatcherServlet 'dispatcherServlet'
2025-02-04T13:05:46.501+05:30  INFO 26368 --- [Product-with-Security] [RMI TCP Connection(8)-127.0.0.1] o.s.web.servlet.DispatcherServlet        : Initializing Servlet 'dispatcherServlet'
2025-02-04T13:05:46.502+05:30  INFO 26368 --- [Product-with-Security] [RMI TCP Connection(8)-127.0.0.1] o.s.web.servlet.DispatcherServlet        : Completed initialization in 1 ms
2025-02-04T13:05:53.494+05:30 TRACE 26368 --- [Product-with-Security] [http-nio-8082-exec-1] c.l.p.service.impl.ProductServiceImpl    : Product added with Name: Mobile
